<?xml version="1.0" encoding="UTF-8"?>
<!-- Generated by org.testng.reporters.JUnitReportReporter -->
<testsuite hostname="qh04-System-Product-Name" name="testSearchFunctionality.SearchFuncionality" tests="1" failures="0" timestamp="20 Dec 2016 08:46:17 GMT" time="5.916" errors="0">
  <testcase name="searchExactWordFuncionality" time="5.916" classname="testSearchFunctionality.SearchFuncionality"/>
</testsuite> <!-- testSearchFunctionality.SearchFuncionality -->
