<?xml version="1.0" encoding="UTF-8"?>
<!-- Generated by org.testng.reporters.JUnitReportReporter -->
<testsuite hostname="qh04-System-Product-Name" name="testContactUsForm.ContactUsFormTesting" tests="3" failures="0" timestamp="20 Dec 2016 08:44:23 GMT" time="18.404" errors="0">
  <testcase name="fillOutEmailWithNumbers" time="7.081" classname="testContactUsForm.ContactUsFormTesting"/>
  <testcase name="fillOutNameWithNumbers" time="5.727" classname="testContactUsForm.ContactUsFormTesting"/>
  <testcase name="fillOutContactFormEmpty" time="5.596" classname="testContactUsForm.ContactUsFormTesting"/>
</testsuite> <!-- testContactUsForm.ContactUsFormTesting -->
